<?xml version="1.0" encoding="UTF-8"?>
<!-- Generated by org.testng.reporters.JUnitReportReporter -->
<testsuite hostname="DESKTOP-HU2SPDA" failures="0" tests="1" name="tests.WelcomeToREtailhubPageTest" time="43.702" errors="0" timestamp="2024-01-17T14:53:22 IST" skipped="0">
  <testcase classname="tests.WelcomeToREtailhubPageTest" name="retailhubPageTest" time="43.702"/>
  <system-out/>
</testsuite> <!-- tests.WelcomeToREtailhubPageTest -->
