<?xml version="1.0" encoding="UTF-8"?>
<!-- Generated by org.testng.reporters.JUnitReportReporter -->
<testsuite hostname="DESKTOP-HU2SPDA" failures="0" tests="1" name="tests.FrightAgreementPageTest" time="54.525" errors="0" timestamp="2024-01-17T15:03:11 IST" skipped="0">
  <testcase classname="tests.FrightAgreementPageTest" name="agreementTest" time="54.525"/>
  <system-out/>
</testsuite> <!-- tests.FrightAgreementPageTest -->
