<?xml version="1.0" encoding="UTF-8"?>
<!-- Generated by org.testng.reporters.JUnitReportReporter -->
<testsuite hostname="DESKTOP-HU2SPDA" failures="0" tests="1" name="tests.ContactPerAndReturnAddressPageTest" time="82.778" errors="0" timestamp="2024-01-17T15:57:25 IST" skipped="0">
  <testcase classname="tests.ContactPerAndReturnAddressPageTest" name="returnAddressInfoTest" time="82.778"/>
  <system-out/>
</testsuite> <!-- tests.ContactPerAndReturnAddressPageTest -->
