<?xml version="1.0" encoding="UTF-8"?>
<!-- Generated by org.testng.reporters.JUnitReportReporter -->
<testsuite hostname="DESKTOP-HU2SPDA" failures="0" tests="1" name="Test1.checkoutpageTest" time="81.844" errors="0" timestamp="2024-01-17T13:06:28 IST" skipped="0">
  <testcase classname="Test1.checkoutpageTest" name="PaymencheckboxtEnable" time="81.844"/>
  <system-out/>
</testsuite> <!-- Test1.checkoutpageTest -->
