<?xml version="1.0" encoding="UTF-8"?>
<!-- Generated by org.testng.reporters.JUnitReportReporter -->
<testsuite hostname="DESKTOP-HU2SPDA" failures="0" tests="1" name="tests.OrderConfirmationPageTest" time="79.889" errors="0" timestamp="2023-09-27T18:48:34 IST" skipped="0">
  <testcase classname="tests.OrderConfirmationPageTest" name="frightPriceTest" time="79.889"/>
  <system-out/>
</testsuite> <!-- tests.OrderConfirmationPageTest -->
