<?xml version="1.0" encoding="UTF-8"?>
<!-- Generated by org.testng.reporters.JUnitReportReporter -->
<testsuite hostname="DESKTOP-HU2SPDA" failures="0" tests="1" name="tests.loginPageTest" time="26.050" errors="0" timestamp="2024-01-17T13:21:39 IST" skipped="0">
  <testcase classname="tests.loginPageTest" name="loginInStoreTest" time="26.050"/>
  <system-out/>
</testsuite> <!-- tests.loginPageTest -->
