<?xml version="1.0" encoding="UTF-8"?>
<!-- Generated by org.testng.reporters.JUnitReportReporter -->
<testsuite hostname="DESKTOP-HU2SPDA" failures="0" tests="1" name="tests.FrightPricePage6Test" time="70.326" errors="0" timestamp="2023-09-27T18:37:08 IST" skipped="0">
  <testcase classname="tests.FrightPricePage6Test" name="frightPriceTest" time="70.326"/>
  <system-out/>
</testsuite> <!-- tests.FrightPricePage6Test -->
