<?xml version="1.0" encoding="UTF-8"?>
<!-- Generated by org.testng.reporters.JUnitReportReporter -->
<testsuite hostname="DESKTOP-HU2SPDA" failures="0" tests="1" name="tests.login" time="0.006" errors="0" timestamp="2023-10-12T10:28:03 IST" skipped="0">
  <testcase classname="tests.login" name="loginTest" time="0.006"/>
  <system-out/>
</testsuite> <!-- tests.login -->
