<?xml version="1.0" encoding="UTF-8"?>
<!-- Generated by org.testng.reporters.JUnitReportReporter -->
<testsuite hostname="DESKTOP-HU2SPDA" failures="0" tests="1" name="tests.PickupInStoreInformationTest" time="69.978" errors="0" timestamp="2023-09-27T17:02:44 IST" skipped="0">
  <testcase classname="tests.PickupInStoreInformationTest" name="pickupAddressInfoTest" time="69.978"/>
  <system-out/>
</testsuite> <!-- tests.PickupInStoreInformationTest -->
