<?xml version="1.0" encoding="UTF-8"?>
<!-- Generated by org.testng.reporters.JUnitReportReporter -->
<testsuite hostname="DESKTOP-HU2SPDA" failures="0" tests="1" name="Test1.cartPageTest" time="78.064" errors="0" timestamp="2024-01-17T12:37:00 IST" skipped="0">
  <testcase classname="Test1.cartPageTest" name="goToCartTest" time="78.064"/>
  <system-out/>
</testsuite> <!-- Test1.cartPageTest -->
