<?xml version="1.0" encoding="UTF-8"?>
<!-- Generated by org.testng.reporters.JUnitReportReporter -->
<testsuite hostname="DESKTOP-HU2SPDA" failures="0" tests="1" name="Test1.productDetailPageTest" time="72.297" errors="0" timestamp="2024-01-17T12:35:09 IST" skipped="0">
  <testcase classname="Test1.productDetailPageTest" name="productinfoTest" time="72.297"/>
  <system-out/>
</testsuite> <!-- Test1.productDetailPageTest -->
