<?xml version="1.0" encoding="UTF-8"?>
<!-- Generated by org.testng.reporters.JUnitReportReporter -->
<testsuite hostname="DESKTOP-HU2SPDA" failures="0" tests="1" name="tests.OpeningHourPageTest" time="85.533" errors="0" timestamp="2024-01-17T16:06:28 IST" skipped="0">
  <testcase classname="tests.OpeningHourPageTest" name="openTimeOfStoreTest" time="85.533"/>
  <system-out/>
</testsuite> <!-- tests.OpeningHourPageTest -->
