<?xml version="1.0" encoding="UTF-8"?>
<!-- Generated by org.testng.reporters.JUnitReportReporter -->
<testsuite hostname="DESKTOP-HU2SPDA" failures="0" tests="1" name="Test1.prog1Test" time="9.358" errors="0" timestamp="2023-09-27T19:07:54 IST" skipped="0">
  <testcase classname="Test1.prog1Test" name="loginInStoreTest" time="9.358"/>
  <system-out/>
</testsuite> <!-- Test1.prog1Test -->
