<?xml version="1.0" encoding="UTF-8"?>
<!-- Generated by org.testng.reporters.JUnitReportReporter -->
<testsuite hostname="DESKTOP-HU2SPDA" failures="0" tests="1" name="Test1.loginPageForVikiTest" time="52.468" errors="0" timestamp="2024-01-17T12:33:20 IST" skipped="0">
  <testcase classname="Test1.loginPageForVikiTest" name="loginInStoreTest" time="52.468"/>
  <system-out/>
</testsuite> <!-- Test1.loginPageForVikiTest -->
