<?xml version="1.0" encoding="UTF-8"?>
<!-- Generated by org.testng.reporters.JUnitReportReporter -->
<testsuite hostname="DESKTOP-HU2SPDA" failures="0" tests="1" name="tests.SEOMetatitlePageTest" time="84.670" errors="0" timestamp="2023-09-27T18:51:09 IST" skipped="0">
  <testcase classname="tests.SEOMetatitlePageTest" name="metaTitleTest" time="84.670"/>
  <system-out/>
</testsuite> <!-- tests.SEOMetatitlePageTest -->
